22:41:58.421 [main] INFO  org.testng.internal.Utils - [TestNG] Time taken by org.testng.reporters.XMLReporter@7f92b990: 14 ms
22:41:58.469 [main] INFO  org.testng.internal.Utils - [TestNG] Time taken by org.testng.reporters.EmailableReporter2@3b95d13c: 8 ms
22:41:58.469 [main] INFO  org.testng.internal.Utils - [TestNG] Time taken by org.testng.reporters.JUnitReportReporter@3fbfbf84: 0 ms
22:41:58.469 [main] INFO  org.testng.internal.Utils - [TestNG] Time taken by org.testng.internal.ExitCodeListener@23f72d88: 0 ms
23:16:30.333 [main] DEBUG org.testng.TestNG - suiteXmlPath: "C:\Users\manju\eclipse-workspace\OpencartV121\master.xml"
23:16:30.633 [main] INFO  org.testng.internal.Utils - [TestNG] Running:
  C:\Users\manju\eclipse-workspace\OpencartV121\master.xml

23:16:35.768 [main] INFO  testCases.TC0001_AccountRegistrationTest - ******** Starting Testcase TC0001_AccountRegistrationTest *********
23:16:36.094 [main] INFO  testCases.TC0001_AccountRegistrationTest - ***Clicked on My Account Link***
23:16:36.739 [main] INFO  testCases.TC0001_AccountRegistrationTest - ***Clicked on Register Link***
23:16:36.745 [main] INFO  testCases.TC0001_AccountRegistrationTest - **Providing Customer details to register the account**
23:16:38.786 [main] INFO  testCases.TC0001_AccountRegistrationTest - *** Validating Expected Message **** 
23:16:38.848 [main] INFO  testCases.TC0001_AccountRegistrationTest - ***Completed,  TC0001_AccountRegistrationTest ****
23:18:19.031 [main] DEBUG org.testng.TestNG - suiteXmlPath: "C:\Users\manju\eclipse-workspace\OpencartV121\master.xml"
23:18:19.296 [main] INFO  org.testng.internal.Utils - [TestNG] Running:
  C:\Users\manju\eclipse-workspace\OpencartV121\master.xml

23:18:31.400 [main] INFO  testCases.TC0001_AccountRegistrationTest - ******** Starting Testcase TC0001_AccountRegistrationTest *********
23:18:31.701 [main] INFO  testCases.TC0001_AccountRegistrationTest - ***Clicked on My Account Link***
23:18:32.278 [main] INFO  testCases.TC0001_AccountRegistrationTest - ***Clicked on Register Link***
23:18:32.282 [main] INFO  testCases.TC0001_AccountRegistrationTest - **Providing Customer details to register the account**
23:18:33.889 [main] INFO  testCases.TC0001_AccountRegistrationTest - *** Validating Expected Message **** 
23:18:33.957 [main] INFO  testCases.TC0001_AccountRegistrationTest - ***Completed,  TC0001_AccountRegistrationTest ****
23:19:26.210 [main] DEBUG org.testng.TestNG - suiteXmlPath: "C:\Users\manju\eclipse-workspace\OpencartV121\master.xml"
23:19:26.469 [main] INFO  org.testng.internal.Utils - [TestNG] Running:
  C:\Users\manju\eclipse-workspace\OpencartV121\master.xml

23:20:22.344 [main] DEBUG org.testng.TestNG - suiteXmlPath: "C:\Users\manju\eclipse-workspace\OpencartV121\master.xml"
23:20:22.712 [main] INFO  org.testng.internal.Utils - [TestNG] Running:
  C:\Users\manju\eclipse-workspace\OpencartV121\master.xml

23:20:30.633 [main] INFO  testCases.TC0001_AccountRegistrationTest - ******** Starting Testcase TC0001_AccountRegistrationTest *********
23:20:30.918 [main] INFO  testCases.TC0001_AccountRegistrationTest - ***Clicked on My Account Link***
23:20:31.575 [main] INFO  testCases.TC0001_AccountRegistrationTest - ***Clicked on Register Link***
23:20:31.580 [main] INFO  testCases.TC0001_AccountRegistrationTest - **Providing Customer details to register the account**
23:20:34.015 [main] INFO  testCases.TC0001_AccountRegistrationTest - *** Validating Expected Message **** 
23:20:34.085 [main] INFO  testCases.TC0001_AccountRegistrationTest - ***Completed,  TC0001_AccountRegistrationTest ****
23:22:09.255 [main] DEBUG org.testng.TestNG - suiteXmlPath: "C:\Users\manju\eclipse-workspace\OpencartV121\master.xml"
23:22:09.535 [main] INFO  org.testng.internal.Utils - [TestNG] Running:
  C:\Users\manju\eclipse-workspace\OpencartV121\master.xml

23:22:17.042 [main] INFO  testCases.TC0001_AccountRegistrationTest - ******** Starting Testcase TC0001_AccountRegistrationTest *********
23:22:17.497 [main] INFO  testCases.TC0001_AccountRegistrationTest - ***Clicked on My Account Link***
23:22:18.152 [main] INFO  testCases.TC0001_AccountRegistrationTest - ***Clicked on Register Link***
23:22:18.155 [main] INFO  testCases.TC0001_AccountRegistrationTest - **Providing Customer details to register the account**
23:22:20.192 [main] INFO  testCases.TC0001_AccountRegistrationTest - *** Validating Expected Message **** 
23:22:20.244 [main] INFO  testCases.TC0001_AccountRegistrationTest - ***Completed,  TC0001_AccountRegistrationTest ****
23:24:14.956 [main] DEBUG org.testng.TestNG - suiteXmlPath: "C:\Users\manju\eclipse-workspace\OpencartV121\master.xml"
23:24:15.274 [main] INFO  org.testng.internal.Utils - [TestNG] Running:
  C:\Users\manju\eclipse-workspace\OpencartV121\master.xml

23:24:21.700 [main] INFO  testCases.TC0001_AccountRegistrationTest - ******** Starting Testcase TC0001_AccountRegistrationTest *********
23:24:21.982 [main] INFO  testCases.TC0001_AccountRegistrationTest - ***Clicked on My Account Link***
