15:12:51.141 [TestNG-tests-2] INFO  testCases.TC0001_AccountRegistrationTest - ***Completed,  TC0001_AccountRegistrationTest ****
15:12:51.425 [TestNG-tests-3] INFO  testCases.TC0001_AccountRegistrationTest - ***Clicked on Register Link***
15:12:51.426 [TestNG-tests-3] INFO  testCases.TC0001_AccountRegistrationTest - **Providing Customer details to register the account**
15:12:53.690 [TestNG-tests-1] INFO  testCases.TC0001_AccountRegistrationTest - *** Validating Expected Message **** 
15:12:53.764 [TestNG-tests-1] INFO  testCases.TC0001_AccountRegistrationTest - ***Completed,  TC0001_AccountRegistrationTest ****
15:12:53.870 [TestNG-tests-3] INFO  testCases.TC0001_AccountRegistrationTest - *** Validating Expected Message **** 
15:12:53.924 [TestNG-tests-3] INFO  testCases.TC0001_AccountRegistrationTest - ***Completed,  TC0001_AccountRegistrationTest ****
15:18:59.636 [main] DEBUG org.testng.TestNG - suiteXmlPath: "C:\Users\manju\eclipse-workspace\OpencartV121\master.xml"
15:18:59.955 [main] INFO  org.testng.internal.Utils - [TestNG] Running:
  C:\Users\manju\eclipse-workspace\OpencartV121\master.xml

15:19:24.216 [main] DEBUG org.testng.TestNG - suiteXmlPath: "C:\Users\manju\eclipse-workspace\OpencartV121\master.xml"
15:19:24.526 [main] INFO  org.testng.internal.Utils - [TestNG] Running:
  C:\Users\manju\eclipse-workspace\OpencartV121\master.xml

15:20:19.148 [main] DEBUG org.testng.TestNG - suiteXmlPath: "C:\Users\manju\eclipse-workspace\OpencartV121\master.xml"
15:20:19.444 [main] INFO  org.testng.internal.Utils - [TestNG] Running:
  C:\Users\manju\eclipse-workspace\OpencartV121\master.xml

15:20:36.471 [main] DEBUG org.testng.TestNG - suiteXmlPath: "C:\Users\manju\eclipse-workspace\OpencartV121\crossbrowsertesting.xml"
15:20:36.792 [main] INFO  org.testng.internal.Utils - [TestNG] Running:
  C:\Users\manju\eclipse-workspace\OpencartV121\crossbrowsertesting.xml

15:20:53.130 [TestNG-tests-1] INFO  testCases.TC0001_AccountRegistrationTest - ******** Starting Testcase TC0001_AccountRegistrationTest *********
15:20:53.135 [TestNG-tests-2] INFO  testCases.TC0001_AccountRegistrationTest - ******** Starting Testcase TC0001_AccountRegistrationTest *********
15:20:53.395 [TestNG-tests-1] INFO  testCases.TC0001_AccountRegistrationTest - ***Clicked on My Account Link***
15:20:53.489 [TestNG-tests-2] INFO  testCases.TC0001_AccountRegistrationTest - ***Clicked on My Account Link***
15:20:55.973 [TestNG-tests-1] INFO  testCases.TC0001_AccountRegistrationTest - ***Clicked on Register Link***
15:20:55.978 [TestNG-tests-1] INFO  testCases.TC0001_AccountRegistrationTest - **Providing Customer details to register the account**
15:20:56.275 [TestNG-tests-2] INFO  testCases.TC0001_AccountRegistrationTest - ***Clicked on Register Link***
15:20:56.276 [TestNG-tests-2] INFO  testCases.TC0001_AccountRegistrationTest - **Providing Customer details to register the account**
15:20:59.294 [TestNG-tests-3] INFO  testCases.TC0001_AccountRegistrationTest - ******** Starting Testcase TC0001_AccountRegistrationTest *********
15:20:59.635 [TestNG-tests-3] INFO  testCases.TC0001_AccountRegistrationTest - ***Clicked on My Account Link***
15:20:59.683 [TestNG-tests-2] INFO  testCases.TC0001_AccountRegistrationTest - *** Validating Expected Message **** 
15:20:59.778 [TestNG-tests-2] INFO  testCases.TC0001_AccountRegistrationTest - ***Completed,  TC0001_AccountRegistrationTest ****
15:20:59.992 [TestNG-tests-1] INFO  testCases.TC0001_AccountRegistrationTest - *** Validating Expected Message **** 
15:21:00.089 [TestNG-tests-1] INFO  testCases.TC0001_AccountRegistrationTest - ***Completed,  TC0001_AccountRegistrationTest ****
15:21:00.842 [TestNG-tests-3] INFO  testCases.TC0001_AccountRegistrationTest - ***Clicked on Register Link***
15:21:00.843 [TestNG-tests-3] INFO  testCases.TC0001_AccountRegistrationTest - **Providing Customer details to register the account**
15:21:02.299 [TestNG-tests-3] INFO  testCases.TC0001_AccountRegistrationTest - *** Validating Expected Message **** 
15:21:02.334 [TestNG-tests-3] INFO  testCases.TC0001_AccountRegistrationTest - ***Completed,  TC0001_AccountRegistrationTest ****
15:21:54.125 [main] DEBUG org.testng.TestNG - suiteXmlPath: "C:\Users\manju\eclipse-workspace\OpencartV121\master.xml"
15:21:54.445 [main] INFO  org.testng.internal.Utils - [TestNG] Running:
  C:\Users\manju\eclipse-workspace\OpencartV121\master.xml

15:23:32.114 [main] DEBUG org.testng.TestNG - suiteXmlPath: "C:\Users\manju\eclipse-workspace\OpencartV121\master.xml"
15:23:32.425 [main] INFO  org.testng.internal.Utils - [TestNG] Running:
  C:\Users\manju\eclipse-workspace\OpencartV121\master.xml

15:25:53.597 [main] DEBUG org.testng.TestNG - suiteXmlPath: "C:\Users\manju\eclipse-workspace\OpencartV121\master.xml"
15:25:53.931 [main] INFO  org.testng.internal.Utils - [TestNG] Running:
  C:\Users\manju\eclipse-workspace\OpencartV121\master.xml

15:26:16.154 [main] INFO  testCases.TC0001_AccountRegistrationTest - ******** Starting Testcase TC0001_AccountRegistrationTest *********
